<?xml version="1.0" encoding="UTF-8"?>
<testsuite name="com.usermodel.UserApplicationTests" tests="1" skipped="0" failures="0" errors="0" timestamp="2023-11-19T22:40:47" hostname="MacBook-Pro.local" time="0.424">
  <properties/>
  <testcase name="contextLoads()" classname="com.usermodel.UserApplicationTests" time="0.424"/>
  <system-out><![CDATA[17:40:44.410 [Test worker] INFO org.springframework.test.context.support.AnnotationConfigContextLoaderUtils -- Could not detect default configuration classes for test class [com.usermodel.UserApplicationTests]: UserApplicationTests does not declare any static, non-private, non-final, nested classes annotated with @Configuration.
17:40:44.508 [Test worker] INFO org.springframework.boot.test.context.SpringBootTestContextBootstrapper -- Found @SpringBootConfiguration com.usermodel.UserApplication for test class com.usermodel.UserApplicationTests

  .   ____          _            __ _ _
 /\\ / ___'_ __ _ _(_)_ __  __ _ \ \ \ \
( ( )\___ | '_ | '_| | '_ \/ _` | \ \ \ \
 \\/  ___)| |_)| | | | | || (_| |  ) ) ) )
  '  |____| .__|_| |_|_| |_\__, | / / / /
 =========|_|==============|___/=/_/_/_/
 :: Spring Boot ::                (v3.1.5)

2023-11-19T17:40:44.826-05:00  INFO 17383 --- [    Test worker] com.usermodel.UserApplicationTests       : Starting UserApplicationTests using Java 17.0.9 with PID 17383 (started by tristineason in /Users/tristineason/PersonalPortfolioProjects/PasswordKeeper)
2023-11-19T17:40:44.827-05:00  INFO 17383 --- [    Test worker] com.usermodel.UserApplicationTests       : No active profile set, falling back to 1 default profile: "default"
2023-11-19T17:40:45.297-05:00  INFO 17383 --- [    Test worker] .s.d.r.c.RepositoryConfigurationDelegate : Bootstrapping Spring Data JPA repositories in DEFAULT mode.
2023-11-19T17:40:45.335-05:00  INFO 17383 --- [    Test worker] .s.d.r.c.RepositoryConfigurationDelegate : Finished Spring Data repository scanning in 31 ms. Found 1 JPA repository interfaces.
2023-11-19T17:40:45.662-05:00  INFO 17383 --- [    Test worker] o.hibernate.jpa.internal.util.LogHelper  : HHH000204: Processing PersistenceUnitInfo [name: default]
2023-11-19T17:40:45.697-05:00  INFO 17383 --- [    Test worker] org.hibernate.Version                    : HHH000412: Hibernate ORM core version 6.2.13.Final
2023-11-19T17:40:45.699-05:00  INFO 17383 --- [    Test worker] org.hibernate.cfg.Environment            : HHH000406: Using bytecode reflection optimizer
2023-11-19T17:40:45.774-05:00 DEBUG 17383 --- [    Test worker] org.hibernate.type.BasicTypeRegistry     : Adding type registration boolean -> org.hibernate.type.BasicTypeReference@15214920
2023-11-19T17:40:45.775-05:00 DEBUG 17383 --- [    Test worker] org.hibernate.type.BasicTypeRegistry     : Adding type registration boolean -> org.hibernate.type.BasicTypeReference@15214920
2023-11-19T17:40:45.775-05:00 DEBUG 17383 --- [    Test worker] org.hibernate.type.BasicTypeRegistry     : Adding type registration java.lang.Boolean -> org.hibernate.type.BasicTypeReference@15214920
2023-11-19T17:40:45.775-05:00 DEBUG 17383 --- [    Test worker] org.hibernate.type.BasicTypeRegistry     : Adding type registration numeric_boolean -> org.hibernate.type.BasicTypeReference@784d9bc
2023-11-19T17:40:45.775-05:00 DEBUG 17383 --- [    Test worker] org.hibernate.type.BasicTypeRegistry     : Adding type registration org.hibernate.type.NumericBooleanConverter -> org.hibernate.type.BasicTypeReference@784d9bc
2023-11-19T17:40:45.776-05:00 DEBUG 17383 --- [    Test worker] org.hibernate.type.BasicTypeRegistry     : Adding type registration true_false -> org.hibernate.type.BasicTypeReference@3a0aaaf0
2023-11-19T17:40:45.776-05:00 DEBUG 17383 --- [    Test worker] org.hibernate.type.BasicTypeRegistry     : Adding type registration org.hibernate.type.TrueFalseConverter -> org.hibernate.type.BasicTypeReference@3a0aaaf0
2023-11-19T17:40:45.776-05:00 DEBUG 17383 --- [    Test worker] org.hibernate.type.BasicTypeRegistry     : Adding type registration yes_no -> org.hibernate.type.BasicTypeReference@426131d7
2023-11-19T17:40:45.776-05:00 DEBUG 17383 --- [    Test worker] org.hibernate.type.BasicTypeRegistry     : Adding type registration org.hibernate.type.YesNoConverter -> org.hibernate.type.BasicTypeReference@426131d7
2023-11-19T17:40:45.776-05:00 DEBUG 17383 --- [    Test worker] org.hibernate.type.BasicTypeRegistry     : Adding type registration byte -> org.hibernate.type.BasicTypeReference@5d9618f2
2023-11-19T17:40:45.776-05:00 DEBUG 17383 --- [    Test worker] org.hibernate.type.BasicTypeRegistry     : Adding type registration byte -> org.hibernate.type.BasicTypeReference@5d9618f2
2023-11-19T17:40:45.777-05:00 DEBUG 17383 --- [    Test worker] org.hibernate.type.BasicTypeRegistry     : Adding type registration java.lang.Byte -> org.hibernate.type.BasicTypeReference@5d9618f2
2023-11-19T17:40:45.777-05:00 DEBUG 17383 --- [    Test worker] org.hibernate.type.BasicTypeRegistry     : Adding type registration binary -> org.hibernate.type.BasicTypeReference@7c7e73c5
2023-11-19T17:40:45.777-05:00 DEBUG 17383 --- [    Test worker] org.hibernate.type.BasicTypeRegistry     : Adding type registration byte[] -> org.hibernate.type.BasicTypeReference@7c7e73c5
2023-11-19T17:40:45.777-05:00 DEBUG 17383 --- [    Test worker] org.hibernate.type.BasicTypeRegistry     : Adding type registration [B -> org.hibernate.type.BasicTypeReference@7c7e73c5
2023-11-19T17:40:45.778-05:00 DEBUG 17383 --- [    Test worker] org.hibernate.type.BasicTypeRegistry     : Adding type registration binary_wrapper -> org.hibernate.type.BasicTypeReference@3554bdc0
2023-11-19T17:40:45.778-05:00 DEBUG 17383 --- [    Test worker] org.hibernate.type.BasicTypeRegistry     : Adding type registration wrapper-binary -> org.hibernate.type.BasicTypeReference@3554bdc0
2023-11-19T17:40:45.778-05:00 DEBUG 17383 --- [    Test worker] org.hibernate.type.BasicTypeRegistry     : Adding type registration image -> org.hibernate.type.BasicTypeReference@3a3b10f4
2023-11-19T17:40:45.778-05:00 DEBUG 17383 --- [    Test worker] org.hibernate.type.BasicTypeRegistry     : Adding type registration blob -> org.hibernate.type.BasicTypeReference@49580ca8
2023-11-19T17:40:45.778-05:00 DEBUG 17383 --- [    Test worker] org.hibernate.type.BasicTypeRegistry     : Adding type registration java.sql.Blob -> org.hibernate.type.BasicTypeReference@49580ca8
2023-11-19T17:40:45.779-05:00 DEBUG 17383 --- [    Test worker] org.hibernate.type.BasicTypeRegistry     : Adding type registration materialized_blob -> org.hibernate.type.BasicTypeReference@525647f3
2023-11-19T17:40:45.779-05:00 DEBUG 17383 --- [    Test worker] org.hibernate.type.BasicTypeRegistry     : Adding type registration materialized_blob_wrapper -> org.hibernate.type.BasicTypeReference@42fc4ac4
2023-11-19T17:40:45.779-05:00 DEBUG 17383 --- [    Test worker] org.hibernate.type.BasicTypeRegistry     : Adding type registration short -> org.hibernate.type.BasicTypeReference@20a24edf
2023-11-19T17:40:45.779-05:00 DEBUG 17383 --- [    Test worker] org.hibernate.type.BasicTypeRegistry     : Adding type registration short -> org.hibernate.type.BasicTypeReference@20a24edf
2023-11-19T17:40:45.779-05:00 DEBUG 17383 --- [    Test worker] org.hibernate.type.BasicTypeRegistry     : Adding type registration java.lang.Short -> org.hibernate.type.BasicTypeReference@20a24edf
2023-11-19T17:40:45.780-05:00 DEBUG 17383 --- [    Test worker] org.hibernate.type.BasicTypeRegistry     : Adding type registration integer -> org.hibernate.type.BasicTypeReference@29962b2f
2023-11-19T17:40:45.780-05:00 DEBUG 17383 --- [    Test worker] org.hibernate.type.BasicTypeRegistry     : Adding type registration int -> org.hibernate.type.BasicTypeReference@29962b2f
2023-11-19T17:40:45.780-05:00 DEBUG 17383 --- [    Test worker] org.hibernate.type.BasicTypeRegistry     : Adding type registration java.lang.Integer -> org.hibernate.type.BasicTypeReference@29962b2f
2023-11-19T17:40:45.780-05:00 DEBUG 17383 --- [    Test worker] org.hibernate.type.BasicTypeRegistry     : Adding type registration long -> org.hibernate.type.BasicTypeReference@491f8831
2023-11-19T17:40:45.780-05:00 DEBUG 17383 --- [    Test worker] org.hibernate.type.BasicTypeRegistry     : Adding type registration long -> org.hibernate.type.BasicTypeReference@491f8831
2023-11-19T17:40:45.780-05:00 DEBUG 17383 --- [    Test worker] org.hibernate.type.BasicTypeRegistry     : Adding type registration java.lang.Long -> org.hibernate.type.BasicTypeReference@491f8831
2023-11-19T17:40:45.781-05:00 DEBUG 17383 --- [    Test worker] org.hibernate.type.BasicTypeRegistry     : Adding type registration float -> org.hibernate.type.BasicTypeReference@691541bc
2023-11-19T17:40:45.781-05:00 DEBUG 17383 --- [    Test worker] org.hibernate.type.BasicTypeRegistry     : Adding type registration float -> org.hibernate.type.BasicTypeReference@691541bc
2023-11-19T17:40:45.781-05:00 DEBUG 17383 --- [    Test worker] org.hibernate.type.BasicTypeRegistry     : Adding type registration java.lang.Float -> org.hibernate.type.BasicTypeReference@691541bc
2023-11-19T17:40:45.781-05:00 DEBUG 17383 --- [    Test worker] org.hibernate.type.BasicTypeRegistry     : Adding type registration double -> org.hibernate.type.BasicTypeReference@5b733ef7
2023-11-19T17:40:45.781-05:00 DEBUG 17383 --- [    Test worker] org.hibernate.type.BasicTypeRegistry     : Adding type registration double -> org.hibernate.type.BasicTypeReference@5b733ef7
2023-11-19T17:40:45.781-05:00 DEBUG 17383 --- [    Test worker] org.hibernate.type.BasicTypeRegistry     : Adding type registration java.lang.Double -> org.hibernate.type.BasicTypeReference@5b733ef7
2023-11-19T17:40:45.782-05:00 DEBUG 17383 --- [    Test worker] org.hibernate.type.BasicTypeRegistry     : Adding type registration big_integer -> org.hibernate.type.BasicTypeReference@43a4a9e5
2023-11-19T17:40:45.782-05:00 DEBUG 17383 --- [    Test worker] org.hibernate.type.BasicTypeRegistry     : Adding type registration java.math.BigInteger -> org.hibernate.type.BasicTypeReference@43a4a9e5
2023-11-19T17:40:45.782-05:00 DEBUG 17383 --- [    Test worker] org.hibernate.type.BasicTypeRegistry     : Adding type registration big_decimal -> org.hibernate.type.BasicTypeReference@764fffa0
2023-11-19T17:40:45.782-05:00 DEBUG 17383 --- [    Test worker] org.hibernate.type.BasicTypeRegistry     : Adding type registration java.math.BigDecimal -> org.hibernate.type.BasicTypeReference@764fffa0
2023-11-19T17:40:45.782-05:00 DEBUG 17383 --- [    Test worker] org.hibernate.type.BasicTypeRegistry     : Adding type registration character -> org.hibernate.type.BasicTypeReference@35145874
2023-11-19T17:40:45.782-05:00 DEBUG 17383 --- [    Test worker] org.hibernate.type.BasicTypeRegistry     : Adding type registration char -> org.hibernate.type.BasicTypeReference@35145874
2023-11-19T17:40:45.782-05:00 DEBUG 17383 --- [    Test worker] org.hibernate.type.BasicTypeRegistry     : Adding type registration java.lang.Character -> org.hibernate.type.BasicTypeReference@35145874
2023-11-19T17:40:45.783-05:00 DEBUG 17383 --- [    Test worker] org.hibernate.type.BasicTypeRegistry     : Adding type registration character_nchar -> org.hibernate.type.BasicTypeReference@77524ca7
2023-11-19T17:40:45.783-05:00 DEBUG 17383 --- [    Test worker] org.hibernate.type.BasicTypeRegistry     : Adding type registration string -> org.hibernate.type.BasicTypeReference@11df2829
2023-11-19T17:40:45.783-05:00 DEBUG 17383 --- [    Test worker] org.hibernate.type.BasicTypeRegistry     : Adding type registration java.lang.String -> org.hibernate.type.BasicTypeReference@11df2829
2023-11-19T17:40:45.783-05:00 DEBUG 17383 --- [    Test worker] org.hibernate.type.BasicTypeRegistry     : Adding type registration nstring -> org.hibernate.type.BasicTypeReference@18e4674d
2023-11-19T17:40:45.783-05:00 DEBUG 17383 --- [    Test worker] org.hibernate.type.BasicTypeRegistry     : Adding type registration characters -> org.hibernate.type.BasicTypeReference@f245bdd
2023-11-19T17:40:45.783-05:00 DEBUG 17383 --- [    Test worker] org.hibernate.type.BasicTypeRegistry     : Adding type registration char[] -> org.hibernate.type.BasicTypeReference@f245bdd
2023-11-19T17:40:45.783-05:00 DEBUG 17383 --- [    Test worker] org.hibernate.type.BasicTypeRegistry     : Adding type registration [C -> org.hibernate.type.BasicTypeReference@f245bdd
2023-11-19T17:40:45.783-05:00 DEBUG 17383 --- [    Test worker] org.hibernate.type.BasicTypeRegistry     : Adding type registration wrapper-characters -> org.hibernate.type.BasicTypeReference@6af609ea
2023-11-19T17:40:45.783-05:00 DEBUG 17383 --- [    Test worker] org.hibernate.type.BasicTypeRegistry     : Adding type registration text -> org.hibernate.type.BasicTypeReference@280fafd
2023-11-19T17:40:45.783-05:00 DEBUG 17383 --- [    Test worker] org.hibernate.type.BasicTypeRegistry     : Adding type registration ntext -> org.hibernate.type.BasicTypeReference@39e53bef
2023-11-19T17:40:45.784-05:00 DEBUG 17383 --- [    Test worker] org.hibernate.type.BasicTypeRegistry     : Adding type registration clob -> org.hibernate.type.BasicTypeReference@14b275bd
2023-11-19T17:40:45.784-05:00 DEBUG 17383 --- [    Test worker] org.hibernate.type.BasicTypeRegistry     : Adding type registration java.sql.Clob -> org.hibernate.type.BasicTypeReference@14b275bd
2023-11-19T17:40:45.784-05:00 DEBUG 17383 --- [    Test worker] org.hibernate.type.BasicTypeRegistry     : Adding type registration nclob -> org.hibernate.type.BasicTypeReference@4ed18798
2023-11-19T17:40:45.784-05:00 DEBUG 17383 --- [    Test worker] org.hibernate.type.BasicTypeRegistry     : Adding type registration java.sql.NClob -> org.hibernate.type.BasicTypeReference@4ed18798
2023-11-19T17:40:45.784-05:00 DEBUG 17383 --- [    Test worker] org.hibernate.type.BasicTypeRegistry     : Adding type registration materialized_clob -> org.hibernate.type.BasicTypeReference@4b03cbad
2023-11-19T17:40:45.785-05:00 DEBUG 17383 --- [    Test worker] org.hibernate.type.BasicTypeRegistry     : Adding type registration materialized_clob_char_array -> org.hibernate.type.BasicTypeReference@5b29ab61
2023-11-19T17:40:45.785-05:00 DEBUG 17383 --- [    Test worker] org.hibernate.type.BasicTypeRegistry     : Adding type registration materialized_clob_character_array -> org.hibernate.type.BasicTypeReference@5c313224
2023-11-19T17:40:45.785-05:00 DEBUG 17383 --- [    Test worker] org.hibernate.type.BasicTypeRegistry     : Adding type registration materialized_nclob -> org.hibernate.type.BasicTypeReference@1e1e837d
2023-11-19T17:40:45.785-05:00 DEBUG 17383 --- [    Test worker] org.hibernate.type.BasicTypeRegistry     : Adding type registration materialized_nclob_character_array -> org.hibernate.type.BasicTypeReference@4b957db0
2023-11-19T17:40:45.785-05:00 DEBUG 17383 --- [    Test worker] org.hibernate.type.BasicTypeRegistry     : Adding type registration materialized_nclob_char_array -> org.hibernate.type.BasicTypeReference@5d71b500
2023-11-19T17:40:45.785-05:00 DEBUG 17383 --- [    Test worker] org.hibernate.type.BasicTypeRegistry     : Adding type registration Duration -> org.hibernate.type.BasicTypeReference@8840c98
2023-11-19T17:40:45.785-05:00 DEBUG 17383 --- [    Test worker] org.hibernate.type.BasicTypeRegistry     : Adding type registration java.time.Duration -> org.hibernate.type.BasicTypeReference@8840c98
2023-11-19T17:40:45.786-05:00 DEBUG 17383 --- [    Test worker] org.hibernate.type.BasicTypeRegistry     : Adding type registration LocalDateTime -> org.hibernate.type.BasicTypeReference@626b639e
2023-11-19T17:40:45.786-05:00 DEBUG 17383 --- [    Test worker] org.hibernate.type.BasicTypeRegistry     : Adding type registration java.time.LocalDateTime -> org.hibernate.type.BasicTypeReference@626b639e
2023-11-19T17:40:45.786-05:00 DEBUG 17383 --- [    Test worker] org.hibernate.type.BasicTypeRegistry     : Adding type registration LocalDate -> org.hibernate.type.BasicTypeReference@273fa9e
2023-11-19T17:40:45.786-05:00 DEBUG 17383 --- [    Test worker] org.hibernate.type.BasicTypeRegistry     : Adding type registration java.time.LocalDate -> org.hibernate.type.BasicTypeReference@273fa9e
2023-11-19T17:40:45.786-05:00 DEBUG 17383 --- [    Test worker] org.hibernate.type.BasicTypeRegistry     : Adding type registration LocalTime -> org.hibernate.type.BasicTypeReference@527a8665
2023-11-19T17:40:45.786-05:00 DEBUG 17383 --- [    Test worker] org.hibernate.type.BasicTypeRegistry     : Adding type registration java.time.LocalTime -> org.hibernate.type.BasicTypeReference@527a8665
2023-11-19T17:40:45.786-05:00 DEBUG 17383 --- [    Test worker] org.hibernate.type.BasicTypeRegistry     : Adding type registration OffsetDateTime -> org.hibernate.type.BasicTypeReference@7ab2a07e
2023-11-19T17:40:45.787-05:00 DEBUG 17383 --- [    Test worker] org.hibernate.type.BasicTypeRegistry     : Adding type registration java.time.OffsetDateTime -> org.hibernate.type.BasicTypeReference@7ab2a07e
2023-11-19T17:40:45.787-05:00 DEBUG 17383 --- [    Test worker] org.hibernate.type.BasicTypeRegistry     : Adding type registration OffsetDateTimeWithTimezone -> org.hibernate.type.BasicTypeReference@437c4b25
2023-11-19T17:40:45.787-05:00 DEBUG 17383 --- [    Test worker] org.hibernate.type.BasicTypeRegistry     : Adding type registration OffsetDateTimeWithoutTimezone -> org.hibernate.type.BasicTypeReference@5ec6fede
2023-11-19T17:40:45.787-05:00 DEBUG 17383 --- [    Test worker] org.hibernate.type.BasicTypeRegistry     : Adding type registration OffsetTime -> org.hibernate.type.BasicTypeReference@580902cd
2023-11-19T17:40:45.787-05:00 DEBUG 17383 --- [    Test worker] org.hibernate.type.BasicTypeRegistry     : Adding type registration java.time.OffsetTime -> org.hibernate.type.BasicTypeReference@580902cd
2023-11-19T17:40:45.787-05:00 DEBUG 17383 --- [    Test worker] org.hibernate.type.BasicTypeRegistry     : Adding type registration OffsetTimeUtc -> org.hibernate.type.BasicTypeReference@3757e8e2
2023-11-19T17:40:45.787-05:00 DEBUG 17383 --- [    Test worker] org.hibernate.type.BasicTypeRegistry     : Adding type registration OffsetTimeWithTimezone -> org.hibernate.type.BasicTypeReference@1653b84e
2023-11-19T17:40:45.788-05:00 DEBUG 17383 --- [    Test worker] org.hibernate.type.BasicTypeRegistry     : Adding type registration OffsetTimeWithoutTimezone -> org.hibernate.type.BasicTypeReference@7f8a9454
2023-11-19T17:40:45.788-05:00 DEBUG 17383 --- [    Test worker] org.hibernate.type.BasicTypeRegistry     : Adding type registration ZonedDateTime -> org.hibernate.type.BasicTypeReference@6f85ee02
2023-11-19T17:40:45.788-05:00 DEBUG 17383 --- [    Test worker] org.hibernate.type.BasicTypeRegistry     : Adding type registration java.time.ZonedDateTime -> org.hibernate.type.BasicTypeReference@6f85ee02
2023-11-19T17:40:45.788-05:00 DEBUG 17383 --- [    Test worker] org.hibernate.type.BasicTypeRegistry     : Adding type registration ZonedDateTimeWithTimezone -> org.hibernate.type.BasicTypeReference@679d0be8
2023-11-19T17:40:45.788-05:00 DEBUG 17383 --- [    Test worker] org.hibernate.type.BasicTypeRegistry     : Adding type registration ZonedDateTimeWithoutTimezone -> org.hibernate.type.BasicTypeReference@6c075e9d
2023-11-19T17:40:45.788-05:00 DEBUG 17383 --- [    Test worker] org.hibernate.type.BasicTypeRegistry     : Adding type registration date -> org.hibernate.type.BasicTypeReference@47044f7d
2023-11-19T17:40:45.788-05:00 DEBUG 17383 --- [    Test worker] org.hibernate.type.BasicTypeRegistry     : Adding type registration java.sql.Date -> org.hibernate.type.BasicTypeReference@47044f7d
2023-11-19T17:40:45.788-05:00 DEBUG 17383 --- [    Test worker] org.hibernate.type.BasicTypeRegistry     : Adding type registration time -> org.hibernate.type.BasicTypeReference@7b14c61
2023-11-19T17:40:45.789-05:00 DEBUG 17383 --- [    Test worker] org.hibernate.type.BasicTypeRegistry     : Adding type registration java.sql.Time -> org.hibernate.type.BasicTypeReference@7b14c61
2023-11-19T17:40:45.789-05:00 DEBUG 17383 --- [    Test worker] org.hibernate.type.BasicTypeRegistry     : Adding type registration timestamp -> org.hibernate.type.BasicTypeReference@8fcc534
2023-11-19T17:40:45.789-05:00 DEBUG 17383 --- [    Test worker] org.hibernate.type.BasicTypeRegistry     : Adding type registration java.sql.Timestamp -> org.hibernate.type.BasicTypeReference@8fcc534
2023-11-19T17:40:45.789-05:00 DEBUG 17383 --- [    Test worker] org.hibernate.type.BasicTypeRegistry     : Adding type registration java.util.Date -> org.hibernate.type.BasicTypeReference@8fcc534
2023-11-19T17:40:45.789-05:00 DEBUG 17383 --- [    Test worker] org.hibernate.type.BasicTypeRegistry     : Adding type registration calendar -> org.hibernate.type.BasicTypeReference@5e599100
2023-11-19T17:40:45.789-05:00 DEBUG 17383 --- [    Test worker] org.hibernate.type.BasicTypeRegistry     : Adding type registration java.util.Calendar -> org.hibernate.type.BasicTypeReference@5e599100
2023-11-19T17:40:45.789-05:00 DEBUG 17383 --- [    Test worker] org.hibernate.type.BasicTypeRegistry     : Adding type registration java.util.GregorianCalendar -> org.hibernate.type.BasicTypeReference@5e599100
2023-11-19T17:40:45.789-05:00 DEBUG 17383 --- [    Test worker] org.hibernate.type.BasicTypeRegistry     : Adding type registration calendar_date -> org.hibernate.type.BasicTypeReference@3b435211
2023-11-19T17:40:45.790-05:00 DEBUG 17383 --- [    Test worker] org.hibernate.type.BasicTypeRegistry     : Adding type registration calendar_time -> org.hibernate.type.BasicTypeReference@361cd35c
2023-11-19T17:40:45.790-05:00 DEBUG 17383 --- [    Test worker] org.hibernate.type.BasicTypeRegistry     : Adding type registration instant -> org.hibernate.type.BasicTypeReference@58a765ce
2023-11-19T17:40:45.790-05:00 DEBUG 17383 --- [    Test worker] org.hibernate.type.BasicTypeRegistry     : Adding type registration java.time.Instant -> org.hibernate.type.BasicTypeReference@58a765ce
2023-11-19T17:40:45.790-05:00 DEBUG 17383 --- [    Test worker] org.hibernate.type.BasicTypeRegistry     : Adding type registration uuid -> org.hibernate.type.BasicTypeReference@4a642e4b
2023-11-19T17:40:45.790-05:00 DEBUG 17383 --- [    Test worker] org.hibernate.type.BasicTypeRegistry     : Adding type registration java.util.UUID -> org.hibernate.type.BasicTypeReference@4a642e4b
2023-11-19T17:40:45.790-05:00 DEBUG 17383 --- [    Test worker] org.hibernate.type.BasicTypeRegistry     : Adding type registration pg-uuid -> org.hibernate.type.BasicTypeReference@4a642e4b
2023-11-19T17:40:45.790-05:00 DEBUG 17383 --- [    Test worker] org.hibernate.type.BasicTypeRegistry     : Adding type registration uuid-binary -> org.hibernate.type.BasicTypeReference@6b162ecc
2023-11-19T17:40:45.791-05:00 DEBUG 17383 --- [    Test worker] org.hibernate.type.BasicTypeRegistry     : Adding type registration uuid-char -> org.hibernate.type.BasicTypeReference@3b4086c1
2023-11-19T17:40:45.791-05:00 DEBUG 17383 --- [    Test worker] org.hibernate.type.BasicTypeRegistry     : Adding type registration class -> org.hibernate.type.BasicTypeReference@58aa1d72
2023-11-19T17:40:45.791-05:00 DEBUG 17383 --- [    Test worker] org.hibernate.type.BasicTypeRegistry     : Adding type registration java.lang.Class -> org.hibernate.type.BasicTypeReference@58aa1d72
2023-11-19T17:40:45.791-05:00 DEBUG 17383 --- [    Test worker] org.hibernate.type.BasicTypeRegistry     : Adding type registration currency -> org.hibernate.type.BasicTypeReference@33d7765a
2023-11-19T17:40:45.791-05:00 DEBUG 17383 --- [    Test worker] org.hibernate.type.BasicTypeRegistry     : Adding type registration Currency -> org.hibernate.type.BasicTypeReference@33d7765a
2023-11-19T17:40:45.791-05:00 DEBUG 17383 --- [    Test worker] org.hibernate.type.BasicTypeRegistry     : Adding type registration java.util.Currency -> org.hibernate.type.BasicTypeReference@33d7765a
2023-11-19T17:40:45.791-05:00 DEBUG 17383 --- [    Test worker] org.hibernate.type.BasicTypeRegistry     : Adding type registration locale -> org.hibernate.type.BasicTypeReference@69ed5ea2
2023-11-19T17:40:45.791-05:00 DEBUG 17383 --- [    Test worker] org.hibernate.type.BasicTypeRegistry     : Adding type registration java.util.Locale -> org.hibernate.type.BasicTypeReference@69ed5ea2
2023-11-19T17:40:45.791-05:00 DEBUG 17383 --- [    Test worker] org.hibernate.type.BasicTypeRegistry     : Adding type registration serializable -> org.hibernate.type.BasicTypeReference@56a4abd0
2023-11-19T17:40:45.792-05:00 DEBUG 17383 --- [    Test worker] org.hibernate.type.BasicTypeRegistry     : Adding type registration java.io.Serializable -> org.hibernate.type.BasicTypeReference@56a4abd0
2023-11-19T17:40:45.792-05:00 DEBUG 17383 --- [    Test worker] org.hibernate.type.BasicTypeRegistry     : Adding type registration timezone -> org.hibernate.type.BasicTypeReference@5eed6dfb
2023-11-19T17:40:45.792-05:00 DEBUG 17383 --- [    Test worker] org.hibernate.type.BasicTypeRegistry     : Adding type registration java.util.TimeZone -> org.hibernate.type.BasicTypeReference@5eed6dfb
2023-11-19T17:40:45.792-05:00 DEBUG 17383 --- [    Test worker] org.hibernate.type.BasicTypeRegistry     : Adding type registration ZoneOffset -> org.hibernate.type.BasicTypeReference@5600a5da
2023-11-19T17:40:45.792-05:00 DEBUG 17383 --- [    Test worker] org.hibernate.type.BasicTypeRegistry     : Adding type registration java.time.ZoneOffset -> org.hibernate.type.BasicTypeReference@5600a5da
2023-11-19T17:40:45.792-05:00 DEBUG 17383 --- [    Test worker] org.hibernate.type.BasicTypeRegistry     : Adding type registration url -> org.hibernate.type.BasicTypeReference@551be9f6
2023-11-19T17:40:45.792-05:00 DEBUG 17383 --- [    Test worker] org.hibernate.type.BasicTypeRegistry     : Adding type registration java.net.URL -> org.hibernate.type.BasicTypeReference@551be9f6
2023-11-19T17:40:45.792-05:00 DEBUG 17383 --- [    Test worker] org.hibernate.type.BasicTypeRegistry     : Adding type registration row_version -> org.hibernate.type.BasicTypeReference@269222ae
2023-11-19T17:40:45.796-05:00 DEBUG 17383 --- [    Test worker] org.hibernate.type.BasicTypeRegistry     : Adding type registration object -> org.hibernate.type.JavaObjectType@5a4dda2
2023-11-19T17:40:45.796-05:00 DEBUG 17383 --- [    Test worker] org.hibernate.type.BasicTypeRegistry     : Adding type registration java.lang.Object -> org.hibernate.type.JavaObjectType@5a4dda2
2023-11-19T17:40:45.797-05:00 DEBUG 17383 --- [    Test worker] org.hibernate.type.BasicTypeRegistry     : Adding type registration null -> org.hibernate.type.NullType@44d7e24
2023-11-19T17:40:45.797-05:00 DEBUG 17383 --- [    Test worker] org.hibernate.type.BasicTypeRegistry     : Adding type registration imm_date -> org.hibernate.type.BasicTypeReference@26c8b296
2023-11-19T17:40:45.797-05:00 DEBUG 17383 --- [    Test worker] org.hibernate.type.BasicTypeRegistry     : Adding type registration imm_time -> org.hibernate.type.BasicTypeReference@1d289d3f
2023-11-19T17:40:45.797-05:00 DEBUG 17383 --- [    Test worker] org.hibernate.type.BasicTypeRegistry     : Adding type registration imm_timestamp -> org.hibernate.type.BasicTypeReference@10f405ff
2023-11-19T17:40:45.798-05:00 DEBUG 17383 --- [    Test worker] org.hibernate.type.BasicTypeRegistry     : Adding type registration imm_calendar -> org.hibernate.type.BasicTypeReference@7f27f59b
2023-11-19T17:40:45.798-05:00 DEBUG 17383 --- [    Test worker] org.hibernate.type.BasicTypeRegistry     : Adding type registration imm_calendar_date -> org.hibernate.type.BasicTypeReference@1c98b4eb
2023-11-19T17:40:45.798-05:00 DEBUG 17383 --- [    Test worker] org.hibernate.type.BasicTypeRegistry     : Adding type registration imm_calendar_time -> org.hibernate.type.BasicTypeReference@45801322
2023-11-19T17:40:45.798-05:00 DEBUG 17383 --- [    Test worker] org.hibernate.type.BasicTypeRegistry     : Adding type registration imm_binary -> org.hibernate.type.BasicTypeReference@756b2d90
2023-11-19T17:40:45.798-05:00 DEBUG 17383 --- [    Test worker] org.hibernate.type.BasicTypeRegistry     : Adding type registration imm_serializable -> org.hibernate.type.BasicTypeReference@3520958b
2023-11-19T17:40:45.905-05:00  INFO 17383 --- [    Test worker] o.s.o.j.p.SpringPersistenceUnitInfo      : No LoadTimeWeaver setup: ignoring JPA class transformer
2023-11-19T17:40:45.923-05:00  INFO 17383 --- [    Test worker] com.zaxxer.hikari.HikariDataSource       : HikariPool-1 - Starting...
2023-11-19T17:40:46.056-05:00  INFO 17383 --- [    Test worker] com.zaxxer.hikari.pool.HikariPool        : HikariPool-1 - Added connection conn0: url=jdbc:h2:mem:userdb user=SA
2023-11-19T17:40:46.057-05:00  INFO 17383 --- [    Test worker] com.zaxxer.hikari.HikariDataSource       : HikariPool-1 - Start completed.
2023-11-19T17:40:46.076-05:00  WARN 17383 --- [    Test worker] org.hibernate.orm.deprecation            : HHH90000025: H2Dialect does not need to be specified explicitly using 'hibernate.dialect' (remove the property setting and it will be selected by default)
2023-11-19T17:40:46.096-05:00 DEBUG 17383 --- [    Test worker] o.h.t.d.jdbc.spi.JdbcTypeRegistry        : addDescriptor(NCharTypeDescriptor) replaced previous registration(CharTypeDescriptor)
2023-11-19T17:40:46.096-05:00 DEBUG 17383 --- [    Test worker] o.h.t.d.jdbc.spi.JdbcTypeRegistry        : addDescriptor(NVarcharTypeDescriptor) replaced previous registration(VarcharTypeDescriptor)
2023-11-19T17:40:46.097-05:00 DEBUG 17383 --- [    Test worker] o.h.t.d.jdbc.spi.JdbcTypeRegistry        : addDescriptor(LongNVarcharTypeDescriptor) replaced previous registration(LongVarcharTypeDescriptor)
2023-11-19T17:40:46.098-05:00 DEBUG 17383 --- [    Test worker] o.h.t.d.jdbc.spi.JdbcTypeRegistry        : addDescriptor(NClobTypeDescriptor(DEFAULT)) replaced previous registration(ClobTypeDescriptor(DEFAULT))
2023-11-19T17:40:46.098-05:00 DEBUG 17383 --- [    Test worker] o.h.t.d.jdbc.spi.JdbcTypeRegistry        : addDescriptor(2005, ClobTypeDescriptor(STREAM_BINDING)) replaced previous registration(ClobTypeDescriptor(DEFAULT))
2023-11-19T17:40:46.099-05:00 DEBUG 17383 --- [    Test worker] o.h.t.d.jdbc.spi.JdbcTypeRegistry        : addDescriptor(TimestampUtcDescriptor) replaced previous registration(TimestampUtcDescriptor)
2023-11-19T17:40:46.103-05:00 DEBUG 17383 --- [    Test worker] org.hibernate.type.BasicTypeRegistry     : Adding type registration Duration -> basicType@1(java.time.Duration,2)
2023-11-19T17:40:46.103-05:00 DEBUG 17383 --- [    Test worker] org.hibernate.type.BasicTypeRegistry     : Adding type registration java.time.Duration -> basicType@1(java.time.Duration,2)
2023-11-19T17:40:46.106-05:00 DEBUG 17383 --- [    Test worker] o.h.type.spi.TypeConfiguration$Scope     : Scoping TypeConfiguration [org.hibernate.type.spi.TypeConfiguration@7ed8b44] to MetadataBuildingContext [org.hibernate.boot.internal.MetadataBuildingContextRootImpl@21280cbb]
2023-11-19T17:40:46.709-05:00  INFO 17383 --- [    Test worker] o.h.e.t.j.p.i.JtaPlatformInitiator       : HHH000489: No JTA platform available (set 'hibernate.transaction.jta.platform' to enable JTA platform integration)
2023-11-19T17:40:46.709-05:00 DEBUG 17383 --- [    Test worker] o.h.type.spi.TypeConfiguration$Scope     : Scoping TypeConfiguration [org.hibernate.type.spi.TypeConfiguration@7ed8b44] to SessionFactoryImplementor [org.hibernate.internal.SessionFactoryImpl@723c5f86]
2023-11-19T17:40:46.733-05:00 DEBUG 17383 --- [    Test worker] org.hibernate.SQL                        : create table user_model (id bigint not null, firstname varchar(255), lastname varchar(255), password varchar(255), username varchar(255), primary key (id))
Hibernate: create table user_model (id bigint not null, firstname varchar(255), lastname varchar(255), password varchar(255), username varchar(255), primary key (id))
2023-11-19T17:40:46.745-05:00 DEBUG 17383 --- [    Test worker] org.hibernate.SQL                        : create sequence user_model_seq start with 1 increment by 50
Hibernate: create sequence user_model_seq start with 1 increment by 50
2023-11-19T17:40:46.748-05:00 TRACE 17383 --- [    Test worker] o.h.type.spi.TypeConfiguration$Scope     : Handling #sessionFactoryCreated from [org.hibernate.internal.SessionFactoryImpl@723c5f86] for TypeConfiguration
2023-11-19T17:40:46.748-05:00  INFO 17383 --- [    Test worker] j.LocalContainerEntityManagerFactoryBean : Initialized JPA EntityManagerFactory for persistence unit 'default'
2023-11-19T17:40:47.064-05:00  WARN 17383 --- [    Test worker] JpaBaseConfiguration$JpaWebConfiguration : spring.jpa.open-in-view is enabled by default. Therefore, database queries may be performed during view rendering. Explicitly configure spring.jpa.open-in-view to disable this warning
2023-11-19T17:40:47.319-05:00  INFO 17383 --- [    Test worker] o.s.b.a.w.s.WelcomePageHandlerMapping    : Adding welcome page: class path resource [static/index.html]
2023-11-19T17:40:47.491-05:00  INFO 17383 --- [    Test worker] o.s.b.a.h2.H2ConsoleAutoConfiguration    : H2 console available at '/h2-console'. Database available at 'jdbc:h2:mem:userdb'
2023-11-19T17:40:47.535-05:00  INFO 17383 --- [    Test worker] com.usermodel.UserApplicationTests       : Started UserApplicationTests in 2.906 seconds (process running for 3.811)
2023-11-19T17:40:47.551-05:00 DEBUG 17383 --- [    Test worker] org.hibernate.SQL                        : select next value for user_model_seq
Hibernate: select next value for user_model_seq
2023-11-19T17:40:47.571-05:00 DEBUG 17383 --- [    Test worker] org.hibernate.SQL                        : insert into user_model (firstname,lastname,password,username,id) values (?,?,?,?,?)
Hibernate: insert into user_model (firstname,lastname,password,username,id) values (?,?,?,?,?)
2023-11-19T17:40:47.575-05:00 DEBUG 17383 --- [    Test worker] org.hibernate.SQL                        : select next value for user_model_seq
Hibernate: select next value for user_model_seq
2023-11-19T17:40:47.576-05:00 DEBUG 17383 --- [    Test worker] org.hibernate.SQL                        : insert into user_model (firstname,lastname,password,username,id) values (?,?,?,?,?)
Hibernate: insert into user_model (firstname,lastname,password,username,id) values (?,?,?,?,?)
2023-11-19T17:40:47.577-05:00 DEBUG 17383 --- [    Test worker] org.hibernate.SQL                        : insert into user_model (firstname,lastname,password,username,id) values (?,?,?,?,?)
Hibernate: insert into user_model (firstname,lastname,password,username,id) values (?,?,?,?,?)
]]></system-out>
  <system-err><![CDATA[]]></system-err>
</testsuite>
